    9  2017-08-02 14:10  sudo pacman -S deepin-theme
   10  2017-08-02 14:10  sudo pacman -S deepin-theme-icon
   15  2017-08-02 14:16  sudo pacman -S ssh
   16  2017-08-02 14:16  sudo pacman -S sshd
   17  2017-08-02 14:17  sudo pacman -S openssh
   29  2017-08-02 14:37  sudo pacman -S yasm
   31  2017-08-02 14:43  sudo pacman -S g++
   34  2017-08-02 14:48  sudo pacman -S google-chrome
   40  2017-08-02 15:01  sudo pacman -S python-pip
   43  2017-08-02 15:03  sudo pacman -S qmake
   52  2017-08-02 15:09  sudo pacman -S npm
   54  2017-08-02 15:10  sudo pacman -S python2-pip
   56  2017-08-02 15:15  sudo pacman -S tree
   90  2017-09-03 11:59  sudo pacman -S dircolor
  110  2017-09-14 20:13  sudo pacman -S fcitx-qt5
  121  2017-09-14 20:35  sudo pacman -S appindicator
  122  2017-09-14 20:36  sudo pacman -S pamac-dev-tray-appindicator
  123  2017-09-14 20:44  sudo pacman -S qt4
  143  2017-09-14 21:10  sudo pacman -S fcitx-qt4
  149  2017-09-14 21:34  sudo pacman -S traceroute
  151  2017-09-14 21:36  sudo pacman -S libqtshadowsocks
  152  2017-09-14 21:43  sudo pacman -S dukto-r6
  164  2017-09-15 08:40  sudo pacman -S vim-gnome
  165  2017-09-15 08:40  sudo pacman -S vim-gtk
  169  2017-09-15 08:46  sudo pacman -S python3
  172  2017-09-15 08:52  sudo pacman -S gvim
  181  2017-09-15 09:13  sudo pacman -S deepin-icon-theme
  185  2017-09-15 09:22  sudo pacman -S deepin-iconthemes-manjaro
  207  2017-09-15 09:38  sudo pacman -S notepadqq
  212  2017-09-15 09:41  sudo pacman -S dukto
  228  2017-09-15 10:15  sudo pacman -S albert
  238  2017-09-15 10:35  sudo pacman -S wine
  247  2017-09-15 10:57  sudo pacman -S electronic-wechat
  252  2017-09-15 11:14  sudo pacman -S firacode
  253  2017-09-15 11:14  sudo pacman -S firacode-font
  259  2017-09-15 11:45  sudo pacman -S hicolor-icon-theme
  260  2017-09-15 12:46  sudo pacman -S deepin-store
  263  2017-09-15 12:51  sudo pacman -S nutstore
  268  2017-09-15 13:00  sudo pacman -S hplip
  272  2017-09-15 13:03  sudo pacman -S wget
  283  2017-09-15 13:06  sudo pacman -S gvfs java-1.7.0-openjdk-headless notify-python
  284  2017-09-15 13:07  sudo pacman -S python-notify2
  288  2017-09-15 13:08  sudo pacman -S python2
  298  2017-09-15 13:30  sudo pacman -S typora
  299  2017-09-15 13:32  sudo pacman -S typora vlc-qt5
  300  2017-09-15 13:33  sudo pacman -S cmake clang autoconf qtcreator gdb zeal simplescreenrecorder gcolor2 privoxy curl mlocate xclip tig tree cloc ncdu npm aria2 clipit gitg vlc-qt5 redshift typora
  305  2017-09-15 13:36  sudo pacman -S python-xdg
  314  2017-09-15 13:42  sudo pacman -S proxychains-ng
  321  2017-09-15 13:48  sudo pacman -S boost
  326  2017-09-15 13:59  sudo pacman -S debtap
  348  2017-09-15 15:32  sudo pacman -S ao
  349  2017-09-15 15:32  sudo pacman -S libx11
  352  2017-09-15 15:37  sudo pacman -S libtinfo
  385  2017-09-15 16:46  sudo pacman -S thunderbird
  389  2017-09-15 16:49  sudo pacman -S thunderbird-i18n-zh-cn
  449  2017-09-15 17:59  sudo pacman -S kruler
  451  2017-09-15 18:52  sudo pacman -S screenruler
  454  2017-09-16 08:15  sudo pacman -S netease-cloud-music
  455  2017-09-16 08:44  sudo pacman -S nerd-font
  464  2017-09-16 09:35  sudo pacman -S fura-font
  484  2017-09-16 13:45  sudo pacman -S chrome-remote-desktop
  538  2017-09-16 17:40  sudo pacman -S bpython
  543  2017-09-16 18:31  sudo pacman -S id3lib
  557  2017-09-16 18:51  sudo pacman -S easytag
  562  2017-09-16 19:10  sudo pacman -S kid3-qt
  619  2017-09-18 16:13  sudo pacman -S android-studio\n
  624  2017-09-18 16:42  sudo pacman -S ranger
  635  2017-09-18 17:19  sudo pacman -S meld yapf
  642  2017-09-18 17:42  sudo pacman -S plantuml
  668  2017-09-18 19:12  sudo pacman -S ccat
  690  2017-09-19 09:11  sudo pacman -S ncurses5-compat-libs
  712  2017-09-19 10:51  sudo pacman -S oomkiller
  715  2017-09-19 10:52  sudo pacman -S earlyoom
  723  2017-09-19 11:24  sudo pacman -S parallel
  746  2017-09-19 16:38  sudo pacman -S fcitx-configtool fcitx-gtk2 fcitx-gtk3
  747  2017-09-19 16:39  sudo pacman -S kcmshell4
  754  2017-09-19 17:07  sudo pacman -S fcitx-gtk2
  755  2017-09-19 17:07  sudo pacman -S fcitx-gtk3
  756  2017-09-19 17:08  sudo pacman -S fcitx-configtool
  781  2017-09-19 18:57  sudo pacman -S xdotool
  794  2017-09-19 19:11  sudo pacman -S etckeeper
  806  2017-09-19 19:22  sudo pacman -S wps
  813  2017-09-19 19:41  sudo pacman -S wps-office ttf-wps-fonts
  866  2017-09-19 21:17  sudo pacman -S wps-office 
  869  2017-09-19 21:19  sudo pacman -S ttf-wps-fonts
  900  2017-09-20 09:17  sudo pacman -S ctags
  955  2017-09-20 19:18  sudo pacman -S qt5
 1029  2017-09-20 21:20  sudo pacman -S cling
 1032  2017-09-20 21:23  sudo pacman -S llvm
 1033  2017-09-20 21:24  sudo pacman -S clang
 1037  2017-09-20 21:39  sudo pacman -S netease-musicbox-git
 1114  2017-09-21 20:56  sudo pacman -S jedi
 1136  2017-09-22 15:03  sudo pacman -S python-dbus dbus qt
 1139  2017-09-22 16:25  sudo pacman -S spdlog
 1147  2017-09-22 19:00  sudo pacman -S highlight
 1148  2017-09-22 19:00  sudo pacman -S img2txt
 1149  2017-09-22 19:00  sudo pacman -S unrar
 1150  2017-09-22 19:01  sudo pacman -S pdftotext
 1152  2017-09-22 19:01  sudo pacman -S mediainfo
 1154  2017-09-22 19:02  sudo pacman -S atool
 1161  2017-09-25 09:58  sudo pacman -S staruml
 1181  2017-09-25 14:49  sudo pacman -S cerebro
 1187  2017-09-26 08:57  sudo pacman -S jdownload
 1200  2017-09-27 13:07  sudo pacman -S cgdb
 1221  2017-09-27 15:54  sudo pacman -S nlohmman
 1237  2017-09-27 17:42  sudo pacman -S foxitreader
 1330  2017-10-09 15:30  sudo pacman -S colorgcc
 1418  2017-10-10 15:34  sudo pacman -S avahi
 1581  2017-10-13 10:51  sudo pacman -S zzsh
 1583  2017-10-13 10:51  sudo pacman -S zssh
 1591  2017-10-13 11:20  sudo pacman -S boost-libs
 1599  2017-10-13 11:25  sudo pacman -S xcb-util
 1600  2017-10-13 11:26  sudo pacman -S xcb-util-renderutil
 1610  2017-10-13 11:43  sudo pacman -S kconsole
 1612  2017-10-13 11:45  sudo pacman -S konsole
 1628  2017-10-13 13:15  sudo pacman -S libwebp graphicsmagick
 1653  2017-10-13 19:29  sudo pacman -S gnome-system-monitor
 1693  2017-10-16 15:59  sudo pacman -S nasm
 1694  2017-10-16 16:01  sudo pacman -S libpulse
 1695  2017-10-16 16:02  sudo pacman -S pulse
 1696  2017-10-16 16:02  sudo pacman -S libao
 1697  2017-10-16 16:03  sudo pacman -S libxcb
 1700  2017-10-16 16:07  sudo pacman -S pkg-config
 1734  2017-10-17 17:07  sudo pacman -S fdk-aac
 1736  2017-10-17 17:22  sudo pacman -S fdkaac
 1743  2017-10-17 19:30  sudo pacman -S xmind
 1753  2017-10-18 10:20  sudo pacman -S shadowsocks-qt5
 1775  2017-10-19 13:23  sudo pacman -S --force pacman-mirrorlist
 1799  2017-10-20 12:14  sudo pacman -S deepin-picker
 1800  2017-10-20 12:15  sudo pacman -S celt
 1978  2017-10-26 19:09  sudo pacman -S opencv
 1980  2017-10-26 19:22  sudo pacman -S hdf5
 2000  2017-10-28 08:41  sudo pacman -S fcitx-sogoupinyin
 2020  2017-10-30 11:22  sudo pacman -S xarchiver
 2035  2017-10-30 16:49  sudo pacman -S libfdk-aac
 2066  2017-10-31 14:13  sudo pacman -S linux49-headers
 2067  2017-10-31 14:14  sudo pacman -S virtualbox-host-dkms
 2132  2017-11-03 09:47  sudo pacman -S telegram-desktop
 2135  2017-11-03 09:54  sudo pacman -S namcap
 2145  2017-11-03 10:09  sudo pacman -S deepin-dock
 2146  2017-11-03 10:09  sudo pacman -S deepin-dock-dev
 2166  2017-11-03 15:01  sudo pacman -S lsof
 2254  2017-11-06 18:34  sudo pacman -S linux-manpages
 2255  2017-11-06 18:35  sudo pacman -S man-pages
 2256  2017-11-06 18:35  sudo pacman -S man-pages-zh_cn
 2266  2017-11-07 09:45  sudo pacman -S adb
 2280  2017-11-07 10:10  sudo pacman -S qtadb
 2288  2017-11-07 17:48  sudo pacman -S dialog
 2315  2017-11-09 20:43  sudo pacman -S flake8
 2316  2017-11-09 20:54  sudo pacman -S shellcheck tidy eslint
 2317  2017-11-09 20:54  sudo pacman -S tidy
 2318  2017-11-09 20:54  sudo pacman -S shellcheck tidy
 2319  2017-11-09 20:55  sudo pacman -S shellcheck eslint
 2343  2017-11-10 20:26  sudo pacman -S cpplint
 2357  2017-11-11 17:24  sudo pacman -S libstdc++-doc
 2415  2017-11-12 16:46  sudo pacman -S postman-bin
 2444  2017-11-14 09:18  sudo pacman -S doxygen
 2523  2017-11-20 19:45  sudo pacman -S gnome-pie
 2524  2017-11-20 20:11  sudo pacman -S easystroke
 2555  2017-11-21 19:14  sudo pacman -S gstreamer pyqt5-common
 2603  2017-11-22 19:28  sudo pacman -S autopep8
 2650  2017-11-24 10:32  sudo pacman -S libace
 2717  2017-11-28 15:58  sudo pacman -S archlinuxcn-mirrorlist-git
 2834  2017-12-01 09:13  sudo pacman -S firefox
 2854  2017-12-02 12:06  sudo pacman -S libvdpau-va-gl
 2857  2017-12-02 12:08  sudo pacman -S deepin-clone
 2970  2017-12-06 17:11  sudo pacman -S qtav
 3226  2017-12-14 14:31  sudo pacman -S samba
 3230  2017-12-14 14:35  sudo pacman -S smbclient smbnetfs
 3305  2017-12-16 09:57  sudo pacman -S termsaver
 3353  2017-12-18 15:01  sudo pacman -S java-environment-common
 3354  2017-12-18 15:01  sudo pacman -S jdk8-openjdk
 3395  2017-12-18 17:56  sudo pacman -S android-ndk
 3516  2017-12-20 14:34  sudo pacman -S nylas
 3612  2017-12-26 18:08  sudo pacman -S kolourpaint4
 3613  2017-12-26 18:08  sudo pacman -S kolourpaint
 3614  2017-12-26 18:09  sudo pacman -S mypaint
 3727  2018-01-02 09:52  sudo pacman -S wireshark-qt
 3783  2018-01-03 10:55  sudo pacman -S trash-cli
 3887  2018-01-04 19:26  sudo pacman -S axel
 3932  2018-01-05 10:57  sudo pacman -S gradle
 4022  2018-01-06 13:08  sudo pacman -S android-sdk
 4023  2018-01-06 13:11  sudo pacman -S android-studio
 4026  2018-01-06 13:14  sudo pacman -S android-sdk-build-tools
 4029  2018-01-06 13:17  sudo pacman -S android-tools
 5775  2018-01-18 09:15  sudo pacman -S pick
 8260  2018-02-03 09:28  sudo pacman -S byobu
 8266  2018-02-03 09:32  sudo pacman -S pick
 8275  2018-02-03 09:34  sudo pacman -S fpp
 8524  2018-02-06 08:45  sudo pacman -S jq
 8549  2018-02-06 09:10  sudo pacman -S pv bvi
 8550  2018-02-06 09:11  sudo pacman -S pv
 8551  2018-02-06 09:11  sudo pacman -S jq
 8578  2018-02-06 13:15  sudo pacman -S xdelta3
 9451  2018-02-09 13:35  sudo pacman -S evtest
10032  2018-02-12 14:46  history| grep "sudo pacman -S "
